<?xml version="1.0" encoding="UTF-8"?>
<trace:TraceModel xmi:version="2.0" xmlns:xmi="http://www.omg.org/XMI" xmlns:trace="http://www.eclipse.org/gmf/2006/Trace">
  <nodeTraces visualID="2009" queryText="(let _eClass_:ecore::EClass = modelFacet.metaClass.ecoreClass in _eClass_.ePackage.nsURI = 'http://soton.ac.uk/models/eventb/statemachines/0713' and _eClass_.name = 'Initial') and (let _containmentMF_:ecore::EStructuralFeature = modelFacet.containmentMetaFeature.ecoreFeature in (let _eClass_:ecore::EClass = _containmentMF_.eContainingClass in _eClass_.ePackage.nsURI = 'http://soton.ac.uk/models/eventb/statemachines/0713' and _eClass_.name = 'Statemachine') and _containmentMF_.name = 'nodes')"/>
  <nodeTraces visualID="2010" queryText="(let _eClass_:ecore::EClass = modelFacet.metaClass.ecoreClass in _eClass_.ePackage.nsURI = 'http://soton.ac.uk/models/eventb/statemachines/0713' and _eClass_.name = 'Final') and (let _containmentMF_:ecore::EStructuralFeature = modelFacet.containmentMetaFeature.ecoreFeature in (let _eClass_:ecore::EClass = _containmentMF_.eContainingClass in _eClass_.ePackage.nsURI = 'http://soton.ac.uk/models/eventb/statemachines/0713' and _eClass_.name = 'Statemachine') and _containmentMF_.name = 'nodes')"/>
  <nodeTraces visualID="2011" queryText="(let _eClass_:ecore::EClass = modelFacet.metaClass.ecoreClass in _eClass_.ePackage.nsURI = 'http://soton.ac.uk/models/eventb/statemachines/0713' and _eClass_.name = 'State') and (let _containmentMF_:ecore::EStructuralFeature = modelFacet.containmentMetaFeature.ecoreFeature in (let _eClass_:ecore::EClass = _containmentMF_.eContainingClass in _eClass_.ePackage.nsURI = 'http://soton.ac.uk/models/eventb/statemachines/0713' and _eClass_.name = 'Statemachine') and _containmentMF_.name = 'nodes')">
    <nodeLabelTraces visualID="5011" queryText="true"/>
    <compartmentTraces visualID="7016" queryText="true"/>
    <compartmentTraces visualID="7017" queryText="true"/>
  </nodeTraces>
  <nodeTraces visualID="2012" queryText="(let _eClass_:ecore::EClass = modelFacet.metaClass.ecoreClass in _eClass_.ePackage.nsURI = 'http://soton.ac.uk/models/eventb/statemachines/0713' and _eClass_.name = 'Or') and (let _containmentMF_:ecore::EStructuralFeature = modelFacet.containmentMetaFeature.ecoreFeature in (let _eClass_:ecore::EClass = _containmentMF_.eContainingClass in _eClass_.ePackage.nsURI = 'http://soton.ac.uk/models/eventb/statemachines/0713' and _eClass_.name = 'Statemachine') and _containmentMF_.name = 'nodes')"/>
  <nodeTraces visualID="2013" queryText="(let _eClass_:ecore::EClass = modelFacet.metaClass.ecoreClass in _eClass_.ePackage.nsURI = 'http://soton.ac.uk/models/eventb/statemachines/0713' and _eClass_.name = 'Any') and (let _containmentMF_:ecore::EStructuralFeature = modelFacet.containmentMetaFeature.ecoreFeature in (let _eClass_:ecore::EClass = _containmentMF_.eContainingClass in _eClass_.ePackage.nsURI = 'http://soton.ac.uk/models/eventb/statemachines/0713' and _eClass_.name = 'Statemachine') and _containmentMF_.name = 'nodes')"/>
  <childNodeTraces visualID="3015" queryText="(let _eClass_:ecore::EClass = modelFacet.metaClass.ecoreClass in _eClass_.ePackage.nsURI = 'http://soton.ac.uk/models/eventb/statemachines/0713' and _eClass_.name = 'Statemachine') and (let _containmentMF_:ecore::EStructuralFeature = modelFacet.containmentMetaFeature.ecoreFeature in (let _eClass_:ecore::EClass = _containmentMF_.eContainingClass in _eClass_.ePackage.nsURI = 'http://soton.ac.uk/models/eventb/statemachines/0713' and _eClass_.name = 'StatemachineOwner') and _containmentMF_.name = 'statemachines')">
    <compartmentTraces visualID="7018" queryText="true"/>
  </childNodeTraces>
  <childNodeTraces visualID="3016" queryText="(let _eClass_:ecore::EClass = modelFacet.metaClass.ecoreClass in _eClass_.ePackage.nsURI = 'http://soton.ac.uk/models/eventb/statemachines/0713' and _eClass_.name = 'Initial') and (let _containmentMF_:ecore::EStructuralFeature = modelFacet.containmentMetaFeature.ecoreFeature in (let _eClass_:ecore::EClass = _containmentMF_.eContainingClass in _eClass_.ePackage.nsURI = 'http://soton.ac.uk/models/eventb/statemachines/0713' and _eClass_.name = 'Statemachine') and _containmentMF_.name = 'nodes')"/>
  <childNodeTraces visualID="3017" queryText="(let _eClass_:ecore::EClass = modelFacet.metaClass.ecoreClass in _eClass_.ePackage.nsURI = 'http://soton.ac.uk/models/eventb/statemachines/0713' and _eClass_.name = 'Final') and (let _containmentMF_:ecore::EStructuralFeature = modelFacet.containmentMetaFeature.ecoreFeature in (let _eClass_:ecore::EClass = _containmentMF_.eContainingClass in _eClass_.ePackage.nsURI = 'http://soton.ac.uk/models/eventb/statemachines/0713' and _eClass_.name = 'Statemachine') and _containmentMF_.name = 'nodes')"/>
  <childNodeTraces visualID="3018" queryText="(let _eClass_:ecore::EClass = modelFacet.metaClass.ecoreClass in _eClass_.ePackage.nsURI = 'http://soton.ac.uk/models/eventb/statemachines/0713' and _eClass_.name = 'State') and (let _containmentMF_:ecore::EStructuralFeature = modelFacet.containmentMetaFeature.ecoreFeature in (let _eClass_:ecore::EClass = _containmentMF_.eContainingClass in _eClass_.ePackage.nsURI = 'http://soton.ac.uk/models/eventb/statemachines/0713' and _eClass_.name = 'Statemachine') and _containmentMF_.name = 'nodes')">
    <nodeLabelTraces visualID="5010" queryText="true"/>
    <compartmentTraces visualID="7019" queryText="true"/>
    <compartmentTraces visualID="7020" queryText="true"/>
  </childNodeTraces>
  <childNodeTraces visualID="3019" queryText="(let _eClass_:ecore::EClass = modelFacet.metaClass.ecoreClass in _eClass_.ePackage.nsURI = 'http://emf.eventb.org/models/core/machine' and _eClass_.name = 'Invariant') and (let _containmentMF_:ecore::EStructuralFeature = modelFacet.containmentMetaFeature.ecoreFeature in (let _eClass_:ecore::EClass = _containmentMF_.eContainingClass in _eClass_.ePackage.nsURI = 'http://soton.ac.uk/models/eventb/statemachines/0713' and _eClass_.name = 'State') and _containmentMF_.name = 'invariants')"/>
  <childNodeTraces visualID="3020" queryText="(let _eClass_:ecore::EClass = modelFacet.metaClass.ecoreClass in _eClass_.ePackage.nsURI = 'http://soton.ac.uk/models/eventb/statemachines/0713' and _eClass_.name = 'Or') and (let _containmentMF_:ecore::EStructuralFeature = modelFacet.containmentMetaFeature.ecoreFeature in (let _eClass_:ecore::EClass = _containmentMF_.eContainingClass in _eClass_.ePackage.nsURI = 'http://soton.ac.uk/models/eventb/statemachines/0713' and _eClass_.name = 'Statemachine') and _containmentMF_.name = 'nodes')"/>
  <childNodeTraces visualID="3021" queryText="(let _eClass_:ecore::EClass = modelFacet.metaClass.ecoreClass in _eClass_.ePackage.nsURI = 'http://soton.ac.uk/models/eventb/statemachines/0713' and _eClass_.name = 'Any') and (let _containmentMF_:ecore::EStructuralFeature = modelFacet.containmentMetaFeature.ecoreFeature in (let _eClass_:ecore::EClass = _containmentMF_.eContainingClass in _eClass_.ePackage.nsURI = 'http://soton.ac.uk/models/eventb/statemachines/0713' and _eClass_.name = 'Statemachine') and _containmentMF_.name = 'nodes')"/>
  <linkTraces visualID="4003" queryText="modelFacet.oclIsKindOf(gmfgen::TypeLinkModelFacet) and (let _eClass_:ecore::EClass = modelFacet.oclAsType(gmfgen::TypeLinkModelFacet).metaClass.ecoreClass in _eClass_.ePackage.nsURI = 'http://soton.ac.uk/models/eventb/statemachines/0713' and _eClass_.name = 'Transition')">
    <linkLabelTraces visualID="6003" queryText="true"/>
  </linkTraces>
  <linkTraces visualID="4004" queryText="modelFacet.oclIsKindOf(gmfgen::TypeLinkModelFacet) and (let _eClass_:ecore::EClass = modelFacet.oclAsType(gmfgen::TypeLinkModelFacet).metaClass.ecoreClass in _eClass_.ePackage.nsURI = 'http://soton.ac.uk/models/eventb/statemachines/0713' and _eClass_.name = 'Transition')">
    <linkLabelTraces visualID="6004" queryText="true"/>
  </linkTraces>
</trace:TraceModel>
