<?xml version="1.0" encoding="UTF-8"?>
<trace:TraceModel xmi:version="2.0" xmlns:xmi="http://www.omg.org/XMI" xmlns:trace="http://www.eclipse.org/gmf/2006/Trace">
  <nodeTraces visualID="2001" queryText="(let _eClass_:ecore::EClass = modelFacet.metaClass.ecoreClass in _eClass_.ePackage.nsURI = 'http://soton.ac.uk/models/eventb/statemachines' and _eClass_.name = 'Initial') and (let _containmentMF_:ecore::EStructuralFeature = modelFacet.containmentMetaFeature.ecoreFeature in (let _eClass_:ecore::EClass = _containmentMF_.eContainingClass in _eClass_.ePackage.nsURI = 'http://soton.ac.uk/models/eventb/statemachines' and _eClass_.name = 'AbstractStatemachine') and _containmentMF_.name = 'nodes')"/>
  <nodeTraces visualID="2002" queryText="(let _eClass_:ecore::EClass = modelFacet.metaClass.ecoreClass in _eClass_.ePackage.nsURI = 'http://soton.ac.uk/models/eventb/statemachines' and _eClass_.name = 'Final') and (let _containmentMF_:ecore::EStructuralFeature = modelFacet.containmentMetaFeature.ecoreFeature in (let _eClass_:ecore::EClass = _containmentMF_.eContainingClass in _eClass_.ePackage.nsURI = 'http://soton.ac.uk/models/eventb/statemachines' and _eClass_.name = 'AbstractStatemachine') and _containmentMF_.name = 'nodes')"/>
  <nodeTraces visualID="2003" queryText="(let _eClass_:ecore::EClass = modelFacet.metaClass.ecoreClass in _eClass_.ePackage.nsURI = 'http://soton.ac.uk/models/eventb/statemachines' and _eClass_.name = 'ANY') and (let _containmentMF_:ecore::EStructuralFeature = modelFacet.containmentMetaFeature.ecoreFeature in (let _eClass_:ecore::EClass = _containmentMF_.eContainingClass in _eClass_.ePackage.nsURI = 'http://soton.ac.uk/models/eventb/statemachines' and _eClass_.name = 'AbstractStatemachine') and _containmentMF_.name = 'nodes')"/>
  <nodeTraces visualID="2004" queryText="(let _eClass_:ecore::EClass = modelFacet.metaClass.ecoreClass in _eClass_.ePackage.nsURI = 'http://soton.ac.uk/models/eventb/statemachines' and _eClass_.name = 'State') and (let _containmentMF_:ecore::EStructuralFeature = modelFacet.containmentMetaFeature.ecoreFeature in (let _eClass_:ecore::EClass = _containmentMF_.eContainingClass in _eClass_.ePackage.nsURI = 'http://soton.ac.uk/models/eventb/statemachines' and _eClass_.name = 'AbstractStatemachine') and _containmentMF_.name = 'nodes')">
    <nodeLabelTraces visualID="5003" queryText="true"/>
    <compartmentTraces visualID="7001" queryText="true"/>
    <compartmentTraces visualID="7002" queryText="true"/>
  </nodeTraces>
  <nodeTraces visualID="2005" queryText="(let _eClass_:ecore::EClass = modelFacet.metaClass.ecoreClass in _eClass_.ePackage.nsURI = 'http://soton.ac.uk/models/eventb/statemachines' and _eClass_.name = 'RefinedState') and (let _containmentMF_:ecore::EStructuralFeature = modelFacet.containmentMetaFeature.ecoreFeature in (let _eClass_:ecore::EClass = _containmentMF_.eContainingClass in _eClass_.ePackage.nsURI = 'http://soton.ac.uk/models/eventb/statemachines' and _eClass_.name = 'AbstractStatemachine') and _containmentMF_.name = 'nodes')">
    <nodeLabelTraces visualID="5007" queryText="true"/>
    <compartmentTraces visualID="7006" queryText="true"/>
    <compartmentTraces visualID="7007" queryText="true"/>
  </nodeTraces>
  <childNodeTraces visualID="3001" queryText="(let _eClass_:ecore::EClass = modelFacet.metaClass.ecoreClass in _eClass_.ePackage.nsURI = 'http://soton.ac.uk/models/eventb/statemachines' and _eClass_.name = 'Statemachine') and (let _containmentMF_:ecore::EStructuralFeature = modelFacet.containmentMetaFeature.ecoreFeature in (let _eClass_:ecore::EClass = _containmentMF_.eContainingClass in _eClass_.ePackage.nsURI = 'http://soton.ac.uk/models/eventb/statemachines' and _eClass_.name = 'StatemachineOwner') and _containmentMF_.name = 'statemachines')">
    <nodeLabelTraces visualID="5002" queryText="true"/>
    <compartmentTraces visualID="7003" queryText="true"/>
  </childNodeTraces>
  <childNodeTraces visualID="3002" queryText="(let _eClass_:ecore::EClass = modelFacet.metaClass.ecoreClass in _eClass_.ePackage.nsURI = 'http://soton.ac.uk/models/eventb/statemachines' and _eClass_.name = 'Initial') and (let _containmentMF_:ecore::EStructuralFeature = modelFacet.containmentMetaFeature.ecoreFeature in (let _eClass_:ecore::EClass = _containmentMF_.eContainingClass in _eClass_.ePackage.nsURI = 'http://soton.ac.uk/models/eventb/statemachines' and _eClass_.name = 'AbstractStatemachine') and _containmentMF_.name = 'nodes')"/>
  <childNodeTraces visualID="3003" queryText="(let _eClass_:ecore::EClass = modelFacet.metaClass.ecoreClass in _eClass_.ePackage.nsURI = 'http://soton.ac.uk/models/eventb/statemachines' and _eClass_.name = 'Final') and (let _containmentMF_:ecore::EStructuralFeature = modelFacet.containmentMetaFeature.ecoreFeature in (let _eClass_:ecore::EClass = _containmentMF_.eContainingClass in _eClass_.ePackage.nsURI = 'http://soton.ac.uk/models/eventb/statemachines' and _eClass_.name = 'AbstractStatemachine') and _containmentMF_.name = 'nodes')"/>
  <childNodeTraces visualID="3004" queryText="(let _eClass_:ecore::EClass = modelFacet.metaClass.ecoreClass in _eClass_.ePackage.nsURI = 'http://soton.ac.uk/models/eventb/statemachines' and _eClass_.name = 'ANY') and (let _containmentMF_:ecore::EStructuralFeature = modelFacet.containmentMetaFeature.ecoreFeature in (let _eClass_:ecore::EClass = _containmentMF_.eContainingClass in _eClass_.ePackage.nsURI = 'http://soton.ac.uk/models/eventb/statemachines' and _eClass_.name = 'AbstractStatemachine') and _containmentMF_.name = 'nodes')"/>
  <childNodeTraces visualID="3005" queryText="(let _eClass_:ecore::EClass = modelFacet.metaClass.ecoreClass in _eClass_.ePackage.nsURI = 'http://soton.ac.uk/models/eventb/statemachines' and _eClass_.name = 'State') and (let _containmentMF_:ecore::EStructuralFeature = modelFacet.containmentMetaFeature.ecoreFeature in (let _eClass_:ecore::EClass = _containmentMF_.eContainingClass in _eClass_.ePackage.nsURI = 'http://soton.ac.uk/models/eventb/statemachines' and _eClass_.name = 'AbstractStatemachine') and _containmentMF_.name = 'nodes')">
    <nodeLabelTraces visualID="5001" queryText="true"/>
    <compartmentTraces visualID="7004" queryText="true"/>
    <compartmentTraces visualID="7005" queryText="true"/>
  </childNodeTraces>
  <childNodeTraces visualID="3006" queryText="(let _eClass_:ecore::EClass = modelFacet.metaClass.ecoreClass in _eClass_.ePackage.nsURI = 'http://emf.eventb.org/models/core/machine' and _eClass_.name = 'Invariant') and (let _containmentMF_:ecore::EStructuralFeature = modelFacet.containmentMetaFeature.ecoreFeature in (let _eClass_:ecore::EClass = _containmentMF_.eContainingClass in _eClass_.ePackage.nsURI = 'http://soton.ac.uk/models/eventb/statemachines' and _eClass_.name = 'AbstractState') and _containmentMF_.name = 'constraints')"/>
  <childNodeTraces visualID="3007" queryText="(let _eClass_:ecore::EClass = modelFacet.metaClass.ecoreClass in _eClass_.ePackage.nsURI = 'http://soton.ac.uk/models/eventb/statemachines' and _eClass_.name = 'RefinedStatemachine') and (let _containmentMF_:ecore::EStructuralFeature = modelFacet.containmentMetaFeature.ecoreFeature in (let _eClass_:ecore::EClass = _containmentMF_.eContainingClass in _eClass_.ePackage.nsURI = 'http://soton.ac.uk/models/eventb/statemachines' and _eClass_.name = 'StatemachineOwner') and _containmentMF_.name = 'statemachines')">
    <nodeLabelTraces visualID="5006" queryText="true"/>
    <compartmentTraces visualID="7008" queryText="true"/>
  </childNodeTraces>
  <childNodeTraces visualID="3008" queryText="(let _eClass_:ecore::EClass = modelFacet.metaClass.ecoreClass in _eClass_.ePackage.nsURI = 'http://soton.ac.uk/models/eventb/statemachines' and _eClass_.name = 'RefinedState') and (let _containmentMF_:ecore::EStructuralFeature = modelFacet.containmentMetaFeature.ecoreFeature in (let _eClass_:ecore::EClass = _containmentMF_.eContainingClass in _eClass_.ePackage.nsURI = 'http://soton.ac.uk/models/eventb/statemachines' and _eClass_.name = 'AbstractStatemachine') and _containmentMF_.name = 'nodes')">
    <nodeLabelTraces visualID="5005" queryText="true"/>
    <compartmentTraces visualID="7009" queryText="true"/>
    <compartmentTraces visualID="7010" queryText="true"/>
  </childNodeTraces>
  <childNodeTraces visualID="3009" queryText="(let _eClass_:ecore::EClass = modelFacet.metaClass.ecoreClass in _eClass_.ePackage.nsURI = 'http://soton.ac.uk/models/eventb/statemachines' and _eClass_.name = 'Statemachine') and (let _containmentMF_:ecore::EStructuralFeature = modelFacet.containmentMetaFeature.ecoreFeature in (let _eClass_:ecore::EClass = _containmentMF_.eContainingClass in _eClass_.ePackage.nsURI = 'http://soton.ac.uk/models/eventb/statemachines' and _eClass_.name = 'StatemachineOwner') and _containmentMF_.name = 'statemachines')">
    <nodeLabelTraces visualID="5004" queryText="true"/>
    <compartmentTraces visualID="7011" queryText="true"/>
  </childNodeTraces>
  <childNodeTraces visualID="3010" queryText="(let _eClass_:ecore::EClass = modelFacet.metaClass.ecoreClass in _eClass_.ePackage.nsURI = 'http://emf.eventb.org/models/core/machine' and _eClass_.name = 'Invariant') and (let _containmentMF_:ecore::EStructuralFeature = modelFacet.containmentMetaFeature.ecoreFeature in (let _eClass_:ecore::EClass = _containmentMF_.eContainingClass in _eClass_.ePackage.nsURI = 'http://soton.ac.uk/models/eventb/statemachines' and _eClass_.name = 'AbstractState') and _containmentMF_.name = 'constraints')"/>
  <linkTraces visualID="4001" queryText="modelFacet.oclIsKindOf(gmfgen::TypeLinkModelFacet) and (let _eClass_:ecore::EClass = modelFacet.oclAsType(gmfgen::TypeLinkModelFacet).metaClass.ecoreClass in _eClass_.ePackage.nsURI = 'http://soton.ac.uk/models/eventb/statemachines' and _eClass_.name = 'Transition')">
    <linkLabelTraces visualID="6001" queryText="true"/>
  </linkTraces>
  <linkTraces visualID="4002" queryText="modelFacet.oclIsKindOf(gmfgen::TypeLinkModelFacet) and (let _eClass_:ecore::EClass = modelFacet.oclAsType(gmfgen::TypeLinkModelFacet).metaClass.ecoreClass in _eClass_.ePackage.nsURI = 'http://soton.ac.uk/models/eventb/statemachines' and _eClass_.name = 'Transition')">
    <linkLabelTraces visualID="6002" queryText="true"/>
  </linkTraces>
</trace:TraceModel>
